SF:lib\src\simple_list\simple_radio_form_field.dart
DA:25,0
DA:35,0
DA:39,0
DA:41,0
DA:42,0
DA:43,0
DA:45,0
DA:46,0
DA:47,0
DA:50,0
DA:54,0
DA:61,0
DA:62,0
DA:63,0
LF:14
LH:0
end_of_record
SF:lib\src\simple_list\option_item.dart
DA:13,1
DA:16,1
DA:18,3
LF:3
LH:3
end_of_record
SF:lib\src\simple_list\radio_item.dart
DA:18,0
DA:24,0
DA:26,0
DA:27,0
DA:32,0
DA:34,0
DA:35,0
DA:37,0
DA:41,0
DA:43,0
DA:44,0
DA:46,0
DA:47,0
DA:48,0
DA:52,0
DA:56,0
DA:58,0
DA:59,0
DA:60,0
DA:62,0
LF:20
LH:0
end_of_record
SF:lib\src\simple_list\row_and_column.dart
DA:25,0
DA:33,0
DA:35,0
DA:36,0
DA:42,0
DA:43,0
DA:44,0
DA:45,0
DA:48,0
DA:49,0
DA:50,0
DA:51,0
DA:53,0
DA:54,0
DA:55,0
DA:56,0
DA:57,0
DA:58,0
DA:60,0
DA:63,0
DA:65,0
DA:69,0
DA:70,0
DA:71,0
DA:72,0
DA:74,0
DA:75,0
DA:76,0
DA:77,0
DA:78,0
DA:79,0
DA:81,0
DA:84,0
DA:86,0
DA:90,0
DA:91,0
DA:93,0
DA:94,0
DA:100,0
DA:105,0
DA:107,0
LF:41
LH:0
end_of_record
